sep. 29, 2023 7:49:10 A. M. co.edu.uniquindio.alquilafacil.model.AlquilaFacil <init>
INFO: Se crea una nueva instancia de AlquilaFacil
sep. 29, 2023 7:51:12 A. M. co.edu.uniquindio.alquilafacil.model.AlquilaFacil <init>
INFO: Se crea una nueva instancia de AlquilaFacil
sep. 29, 2023 7:51:30 A. M. co.edu.uniquindio.alquilafacil.model.AlquilaFacil <init>
INFO: Se crea una nueva instancia de AlquilaFacil
sep. 29, 2023 7:57:50 A. M. co.edu.uniquindio.alquilafacil.model.AlquilaFacil getInstance
INFO: Se crea una nueva instancia de AlquilaFacil
sep. 29, 2023 8:00:18 A. M. co.edu.uniquindio.alquilafacil.model.AlquilaFacil getInstance
INFO: Se crea una nueva instancia de AlquilaFacil
sep. 29, 2023 8:01:13 A. M. co.edu.uniquindio.alquilafacil.model.AlquilaFacil getInstance
INFO: Se crea una nueva instancia de AlquilaFacil
sep. 29, 2023 8:10:49 A. M. co.edu.uniquindio.alquilafacil.model.AlquilaFacil getInstance
INFO: Se crea una nueva instancia de AlquilaFacil
sep. 29, 2023 8:12:18 A. M. co.edu.uniquindio.alquilafacil.model.AlquilaFacil getInstance
INFO: Se crea una nueva instancia de AlquilaFacil
sep. 29, 2023 8:13:28 A. M. co.edu.uniquindio.alquilafacil.model.AlquilaFacil getInstance
INFO: Se crea una nueva instancia de AlquilaFacil
sep. 29, 2023 8:14:16 A. M. co.edu.uniquindio.alquilafacil.model.AlquilaFacil getInstance
INFO: Se crea una nueva instancia de AlquilaFacil
sep. 29, 2023 8:15:38 A. M. co.edu.uniquindio.alquilafacil.model.AlquilaFacil getInstance
INFO: Se crea una nueva instancia de AlquilaFacil
sep. 29, 2023 8:17:36 A. M. co.edu.uniquindio.alquilafacil.model.AlquilaFacil getInstance
INFO: Se crea una nueva instancia de AlquilaFacil
sep. 29, 2023 8:17:53 A. M. co.edu.uniquindio.alquilafacil.model.AlquilaFacil getInstance
INFO: Se crea una nueva instancia de AlquilaFacil
sep. 29, 2023 8:19:46 A. M. co.edu.uniquindio.alquilafacil.model.AlquilaFacil getInstance
INFO: Se crea una nueva instancia de AlquilaFacil
sep. 29, 2023 8:21:20 A. M. co.edu.uniquindio.alquilafacil.model.AlquilaFacil getInstance
INFO: Se crea una nueva instancia de AlquilaFacil
sep. 29, 2023 8:22:02 A. M. co.edu.uniquindio.alquilafacil.model.AlquilaFacil getInstance
INFO: Se crea una nueva instancia de AlquilaFacil
sep. 29, 2023 8:24:20 A. M. co.edu.uniquindio.alquilafacil.model.AlquilaFacil getInstance
INFO: Se crea una nueva instancia de AlquilaFacil
sep. 29, 2023 8:24:43 A. M. co.edu.uniquindio.alquilafacil.model.AlquilaFacil getInstance
INFO: Se crea una nueva instancia de AlquilaFacil
sep. 29, 2023 8:27:10 A. M. co.edu.uniquindio.alquilafacil.model.AlquilaFacil getInstance
INFO: Se crea una nueva instancia de AlquilaFacil
sep. 29, 2023 8:27:37 A. M. co.edu.uniquindio.alquilafacil.model.AlquilaFacil getInstance
INFO: Se crea una nueva instancia de AlquilaFacil
sep. 29, 2023 8:27:50 A. M. co.edu.uniquindio.alquilafacil.model.AlquilaFacil getInstance
INFO: Se crea una nueva instancia de AlquilaFacil
sep. 29, 2023 8:31:43 A. M. co.edu.uniquindio.alquilafacil.model.AlquilaFacil getInstance
INFO: Se crea una nueva instancia de AlquilaFacil
sep. 29, 2023 8:32:00 A. M. co.edu.uniquindio.alquilafacil.model.AlquilaFacil getInstance
INFO: Se crea una nueva instancia de AlquilaFacil
sep. 29, 2023 11:24:10 A. M. co.edu.uniquindio.alquilafacil.model.AlquilaFacil getInstance
INFO: Se crea una nueva instancia de AlquilaFacil
sep. 29, 2023 11:26:19 A. M. co.edu.uniquindio.alquilafacil.model.AlquilaFacil getInstance
INFO: Se crea una nueva instancia de AlquilaFacil
sep. 29, 2023 11:26:40 A. M. co.edu.uniquindio.alquilafacil.model.AlquilaFacil getInstance
INFO: Se crea una nueva instancia de AlquilaFacil
sep. 29, 2023 11:30:03 A. M. co.edu.uniquindio.alquilafacil.model.AlquilaFacil getInstance
INFO: Se crea una nueva instancia de AlquilaFacil
sep. 29, 2023 11:34:05 A. M. co.edu.uniquindio.alquilafacil.model.AlquilaFacil getInstance
INFO: Se crea una nueva instancia de AlquilaFacil
sep. 29, 2023 11:36:46 A. M. co.edu.uniquindio.alquilafacil.model.AlquilaFacil getInstance
INFO: Se crea una nueva instancia de AlquilaFacil
sep. 29, 2023 11:37:38 A. M. co.edu.uniquindio.alquilafacil.model.AlquilaFacil getInstance
INFO: Se crea una nueva instancia de AlquilaFacil
sep. 29, 2023 11:38:13 A. M. co.edu.uniquindio.alquilafacil.model.AlquilaFacil getInstance
INFO: Se crea una nueva instancia de AlquilaFacil
sep. 29, 2023 11:47:16 A. M. co.edu.uniquindio.alquilafacil.model.AlquilaFacil getInstance
INFO: Se crea una nueva instancia de AlquilaFacil
sep. 29, 2023 11:47:38 A. M. co.edu.uniquindio.alquilafacil.model.AlquilaFacil getInstance
INFO: Se crea una nueva instancia de AlquilaFacil
sep. 29, 2023 11:48:23 A. M. co.edu.uniquindio.alquilafacil.model.AlquilaFacil getInstance
INFO: Se crea una nueva instancia de AlquilaFacil
sep. 29, 2023 11:48:47 A. M. co.edu.uniquindio.alquilafacil.model.AlquilaFacil registrarCliente
INFO: Se ha hecho un intento de registro de cliente por campos vacios.
sep. 29, 2023 11:51:28 A. M. co.edu.uniquindio.alquilafacil.model.AlquilaFacil getInstance
INFO: Se crea una nueva instancia de AlquilaFacil
sep. 29, 2023 11:54:46 A. M. co.edu.uniquindio.alquilafacil.model.AlquilaFacil getInstance
INFO: Se crea una nueva instancia de AlquilaFacil
sep. 29, 2023 12:16:36 P. M. co.edu.uniquindio.alquilafacil.model.AlquilaFacil getInstance
INFO: Se crea una nueva instancia de AlquilaFacil
sep. 29, 2023 12:16:56 P. M. co.edu.uniquindio.alquilafacil.model.AlquilaFacil getInstance
INFO: Se crea una nueva instancia de AlquilaFacil
sep. 29, 2023 12:17:41 P. M. co.edu.uniquindio.alquilafacil.model.AlquilaFacil getInstance
INFO: Se crea una nueva instancia de AlquilaFacil
sep. 29, 2023 12:18:03 P. M. co.edu.uniquindio.alquilafacil.model.AlquilaFacil getInstance
INFO: Se crea una nueva instancia de AlquilaFacil
sep. 29, 2023 12:18:17 P. M. co.edu.uniquindio.alquilafacil.model.AlquilaFacil getInstance
INFO: Se crea una nueva instancia de AlquilaFacil
sep. 29, 2023 12:20:04 P. M. co.edu.uniquindio.alquilafacil.model.AlquilaFacil getInstance
INFO: Se crea una nueva instancia de AlquilaFacil
sep. 29, 2023 12:38:22 P. M. co.edu.uniquindio.alquilafacil.model.AlquilaFacil getInstance
INFO: Se crea una nueva instancia de AlquilaFacil
sep. 29, 2023 12:45:58 P. M. co.edu.uniquindio.alquilafacil.model.AlquilaFacil getInstance
INFO: Se crea una nueva instancia de AlquilaFacil
sep. 29, 2023 12:48:52 P. M. co.edu.uniquindio.alquilafacil.model.AlquilaFacil getInstance
INFO: Se crea una nueva instancia de AlquilaFacil
sep. 29, 2023 12:56:32 P. M. co.edu.uniquindio.alquilafacil.model.AlquilaFacil getInstance
INFO: Se crea una nueva instancia de AlquilaFacil
sep. 29, 2023 12:57:54 P. M. co.edu.uniquindio.alquilafacil.model.AlquilaFacil getInstance
INFO: Se crea una nueva instancia de AlquilaFacil
sep. 29, 2023 12:57:56 P. M. co.edu.uniquindio.alquilafacil.model.AlquilaFacil getInstance
INFO: Se crea una nueva instancia de AlquilaFacil
sep. 29, 2023 12:58:49 P. M. co.edu.uniquindio.alquilafacil.model.AlquilaFacil getInstance
INFO: Se crea una nueva instancia de AlquilaFacil
sep. 29, 2023 12:58:51 P. M. co.edu.uniquindio.alquilafacil.model.AlquilaFacil getInstance
INFO: Se crea una nueva instancia de AlquilaFacil
sep. 29, 2023 12:59:00 P. M. co.edu.uniquindio.alquilafacil.model.AlquilaFacil getInstance
INFO: Se crea una nueva instancia de AlquilaFacil
sep. 29, 2023 12:59:05 P. M. co.edu.uniquindio.alquilafacil.model.AlquilaFacil getInstance
INFO: Se crea una nueva instancia de AlquilaFacil
sep. 29, 2023 4:25:31 P. M. co.edu.uniquindio.alquilafacil.model.AlquilaFacil getInstance
INFO: Se crea una nueva instancia de AlquilaFacil
sep. 29, 2023 4:25:34 P. M. co.edu.uniquindio.alquilafacil.model.AlquilaFacil getInstance
INFO: Se crea una nueva instancia de AlquilaFacil
sep. 29, 2023 4:25:36 P. M. co.edu.uniquindio.alquilafacil.model.AlquilaFacil getInstance
INFO: Se crea una nueva instancia de AlquilaFacil
sep. 29, 2023 4:25:38 P. M. co.edu.uniquindio.alquilafacil.model.AlquilaFacil getInstance
INFO: Se crea una nueva instancia de AlquilaFacil
sep. 29, 2023 9:13:13 P. M. co.edu.uniquindio.alquilafacil.model.AlquilaFacil getInstance
INFO: Se crea una nueva instancia de AlquilaFacil
sep. 29, 2023 9:14:21 P. M. co.edu.uniquindio.alquilafacil.model.AlquilaFacil getInstance
INFO: Se crea una nueva instancia de AlquilaFacil
sep. 29, 2023 9:14:24 P. M. co.edu.uniquindio.alquilafacil.model.AlquilaFacil getInstance
INFO: Se crea una nueva instancia de AlquilaFacil
sep. 29, 2023 9:16:07 P. M. co.edu.uniquindio.alquilafacil.model.AlquilaFacil getInstance
INFO: Se crea una nueva instancia de AlquilaFacil
sep. 29, 2023 9:16:14 P. M. co.edu.uniquindio.alquilafacil.model.AlquilaFacil getInstance
INFO: Se crea una nueva instancia de AlquilaFacil
sep. 29, 2023 9:16:42 P. M. co.edu.uniquindio.alquilafacil.model.AlquilaFacil getInstance
INFO: Se crea una nueva instancia de AlquilaFacil
sep. 29, 2023 9:37:11 P. M. co.edu.uniquindio.alquilafacil.model.AlquilaFacil getInstance
INFO: Se crea una nueva instancia de AlquilaFacil
sep. 29, 2023 9:37:13 P. M. co.edu.uniquindio.alquilafacil.model.AlquilaFacil getInstance
INFO: Se crea una nueva instancia de AlquilaFacil
sep. 29, 2023 9:37:15 P. M. co.edu.uniquindio.alquilafacil.model.AlquilaFacil getInstance
INFO: Se crea una nueva instancia de AlquilaFacil
sep. 29, 2023 9:37:17 P. M. co.edu.uniquindio.alquilafacil.model.AlquilaFacil getInstance
INFO: Se crea una nueva instancia de AlquilaFacil
sep. 30, 2023 9:30:01 A. M. co.edu.uniquindio.alquilafacil.model.AlquilaFacil getInstance
INFO: Se crea una nueva instancia de AlquilaFacil
sep. 30, 2023 9:30:07 A. M. co.edu.uniquindio.alquilafacil.model.AlquilaFacil getInstance
INFO: Se crea una nueva instancia de AlquilaFacil
sep. 30, 2023 9:30:10 A. M. co.edu.uniquindio.alquilafacil.model.AlquilaFacil getInstance
INFO: Se crea una nueva instancia de AlquilaFacil
sep. 30, 2023 9:30:12 A. M. co.edu.uniquindio.alquilafacil.model.AlquilaFacil getInstance
INFO: Se crea una nueva instancia de AlquilaFacil
sep. 30, 2023 9:35:20 A. M. co.edu.uniquindio.alquilafacil.model.AlquilaFacil getInstance
INFO: Se crea una nueva instancia de AlquilaFacil
sep. 30, 2023 9:37:23 A. M. co.edu.uniquindio.alquilafacil.model.AlquilaFacil getInstance
INFO: Se crea una nueva instancia de AlquilaFacil
sep. 30, 2023 9:37:25 A. M. co.edu.uniquindio.alquilafacil.model.AlquilaFacil getInstance
INFO: Se crea una nueva instancia de AlquilaFacil
sep. 30, 2023 9:37:27 A. M. co.edu.uniquindio.alquilafacil.model.AlquilaFacil getInstance
INFO: Se crea una nueva instancia de AlquilaFacil
sep. 30, 2023 9:37:28 A. M. co.edu.uniquindio.alquilafacil.model.AlquilaFacil getInstance
INFO: Se crea una nueva instancia de AlquilaFacil
sep. 30, 2023 9:45:36 A. M. co.edu.uniquindio.alquilafacil.model.AlquilaFacil getInstance
INFO: Se crea una nueva instancia de AlquilaFacil
sep. 30, 2023 9:45:54 A. M. co.edu.uniquindio.alquilafacil.model.AlquilaFacil getInstance
INFO: Se crea una nueva instancia de AlquilaFacil
sep. 30, 2023 9:45:57 A. M. co.edu.uniquindio.alquilafacil.model.AlquilaFacil getInstance
INFO: Se crea una nueva instancia de AlquilaFacil
sep. 30, 2023 9:46:03 A. M. co.edu.uniquindio.alquilafacil.model.AlquilaFacil getInstance
INFO: Se crea una nueva instancia de AlquilaFacil
sep. 30, 2023 9:58:31 A. M. co.edu.uniquindio.alquilafacil.model.AlquilaFacil getInstance
INFO: Se crea una nueva instancia de AlquilaFacil
sep. 30, 2023 9:58:45 A. M. co.edu.uniquindio.alquilafacil.model.AlquilaFacil getInstance
INFO: Se crea una nueva instancia de AlquilaFacil
sep. 30, 2023 10:02:03 A. M. co.edu.uniquindio.alquilafacil.model.AlquilaFacil getInstance
INFO: Se crea una nueva instancia de AlquilaFacil
sep. 30, 2023 10:02:09 A. M. co.edu.uniquindio.alquilafacil.model.AlquilaFacil getInstance
INFO: Se crea una nueva instancia de AlquilaFacil
sep. 30, 2023 10:06:41 A. M. co.edu.uniquindio.alquilafacil.model.AlquilaFacil getInstance
INFO: Se crea una nueva instancia de AlquilaFacil
sep. 30, 2023 10:06:42 A. M. co.edu.uniquindio.alquilafacil.model.AlquilaFacil getInstance
INFO: Se crea una nueva instancia de AlquilaFacil
sep. 30, 2023 10:06:42 A. M. co.edu.uniquindio.alquilafacil.model.AlquilaFacil getInstance
INFO: Se crea una nueva instancia de AlquilaFacil
sep. 30, 2023 10:06:45 A. M. co.edu.uniquindio.alquilafacil.model.AlquilaFacil getInstance
INFO: Se crea una nueva instancia de AlquilaFacil
sep. 30, 2023 10:06:52 A. M. co.edu.uniquindio.alquilafacil.model.AlquilaFacil getInstance
INFO: Se crea una nueva instancia de AlquilaFacil
sep. 30, 2023 10:06:52 A. M. co.edu.uniquindio.alquilafacil.model.AlquilaFacil getInstance
INFO: Se crea una nueva instancia de AlquilaFacil
sep. 30, 2023 10:06:53 A. M. co.edu.uniquindio.alquilafacil.model.AlquilaFacil getInstance
INFO: Se crea una nueva instancia de AlquilaFacil
sep. 30, 2023 10:06:57 A. M. co.edu.uniquindio.alquilafacil.model.AlquilaFacil getInstance
INFO: Se crea una nueva instancia de AlquilaFacil
sep. 30, 2023 10:06:57 A. M. co.edu.uniquindio.alquilafacil.model.AlquilaFacil getInstance
INFO: Se crea una nueva instancia de AlquilaFacil
sep. 30, 2023 10:07:00 A. M. co.edu.uniquindio.alquilafacil.model.AlquilaFacil getInstance
INFO: Se crea una nueva instancia de AlquilaFacil
sep. 30, 2023 10:09:13 A. M. co.edu.uniquindio.alquilafacil.model.AlquilaFacil getInstance
INFO: Se crea una nueva instancia de AlquilaFacil
sep. 30, 2023 10:09:14 A. M. co.edu.uniquindio.alquilafacil.model.AlquilaFacil getInstance
INFO: Se crea una nueva instancia de AlquilaFacil
sep. 30, 2023 10:09:15 A. M. co.edu.uniquindio.alquilafacil.model.AlquilaFacil getInstance
INFO: Se crea una nueva instancia de AlquilaFacil
sep. 30, 2023 10:09:16 A. M. co.edu.uniquindio.alquilafacil.model.AlquilaFacil getInstance
INFO: Se crea una nueva instancia de AlquilaFacil
sep. 30, 2023 10:11:09 A. M. co.edu.uniquindio.alquilafacil.model.AlquilaFacil getInstance
INFO: Se crea una nueva instancia de AlquilaFacil
sep. 30, 2023 10:11:11 A. M. co.edu.uniquindio.alquilafacil.model.AlquilaFacil getInstance
INFO: Se crea una nueva instancia de AlquilaFacil
sep. 30, 2023 10:11:17 A. M. co.edu.uniquindio.alquilafacil.model.AlquilaFacil getInstance
INFO: Se crea una nueva instancia de AlquilaFacil
sep. 30, 2023 10:16:52 A. M. co.edu.uniquindio.alquilafacil.model.AlquilaFacil getInstance
INFO: Se crea una nueva instancia de AlquilaFacil
sep. 30, 2023 10:16:55 A. M. co.edu.uniquindio.alquilafacil.model.AlquilaFacil getInstance
INFO: Se crea una nueva instancia de AlquilaFacil
sep. 30, 2023 10:16:56 A. M. co.edu.uniquindio.alquilafacil.model.AlquilaFacil getInstance
INFO: Se crea una nueva instancia de AlquilaFacil
sep. 30, 2023 10:16:57 A. M. co.edu.uniquindio.alquilafacil.model.AlquilaFacil getInstance
INFO: Se crea una nueva instancia de AlquilaFacil
sep. 30, 2023 10:17:00 A. M. co.edu.uniquindio.alquilafacil.model.AlquilaFacil getInstance
INFO: Se crea una nueva instancia de AlquilaFacil
sep. 30, 2023 10:17:01 A. M. co.edu.uniquindio.alquilafacil.model.AlquilaFacil getInstance
INFO: Se crea una nueva instancia de AlquilaFacil
sep. 30, 2023 10:17:02 A. M. co.edu.uniquindio.alquilafacil.model.AlquilaFacil getInstance
INFO: Se crea una nueva instancia de AlquilaFacil
sep. 30, 2023 10:17:03 A. M. co.edu.uniquindio.alquilafacil.model.AlquilaFacil getInstance
INFO: Se crea una nueva instancia de AlquilaFacil
sep. 30, 2023 10:17:04 A. M. co.edu.uniquindio.alquilafacil.model.AlquilaFacil getInstance
INFO: Se crea una nueva instancia de AlquilaFacil
sep. 30, 2023 10:17:05 A. M. co.edu.uniquindio.alquilafacil.model.AlquilaFacil getInstance
INFO: Se crea una nueva instancia de AlquilaFacil
sep. 30, 2023 10:17:05 A. M. co.edu.uniquindio.alquilafacil.model.AlquilaFacil getInstance
INFO: Se crea una nueva instancia de AlquilaFacil
sep. 30, 2023 10:17:11 A. M. co.edu.uniquindio.alquilafacil.model.AlquilaFacil getInstance
INFO: Se crea una nueva instancia de AlquilaFacil
sep. 30, 2023 10:17:14 A. M. co.edu.uniquindio.alquilafacil.model.AlquilaFacil getInstance
INFO: Se crea una nueva instancia de AlquilaFacil
sep. 30, 2023 10:17:30 A. M. co.edu.uniquindio.alquilafacil.model.AlquilaFacil getInstance
INFO: Se crea una nueva instancia de AlquilaFacil
sep. 30, 2023 10:17:31 A. M. co.edu.uniquindio.alquilafacil.model.AlquilaFacil getInstance
INFO: Se crea una nueva instancia de AlquilaFacil
sep. 30, 2023 10:17:32 A. M. co.edu.uniquindio.alquilafacil.model.AlquilaFacil getInstance
INFO: Se crea una nueva instancia de AlquilaFacil
sep. 30, 2023 10:18:51 A. M. co.edu.uniquindio.alquilafacil.model.AlquilaFacil getInstance
INFO: Se crea una nueva instancia de AlquilaFacil
sep. 30, 2023 10:18:54 A. M. co.edu.uniquindio.alquilafacil.model.AlquilaFacil getInstance
INFO: Se crea una nueva instancia de AlquilaFacil
sep. 30, 2023 10:19:18 A. M. co.edu.uniquindio.alquilafacil.model.AlquilaFacil registrarCliente
INFO: Se ha registrado un cliente con la cedula 132
sep. 30, 2023 10:19:25 A. M. co.edu.uniquindio.alquilafacil.model.AlquilaFacil getInstance
INFO: Se crea una nueva instancia de AlquilaFacil
sep. 30, 2023 10:20:11 A. M. co.edu.uniquindio.alquilafacil.model.AlquilaFacil getInstance
INFO: Se crea una nueva instancia de AlquilaFacil
sep. 30, 2023 10:20:13 A. M. co.edu.uniquindio.alquilafacil.model.AlquilaFacil getInstance
INFO: Se crea una nueva instancia de AlquilaFacil
sep. 30, 2023 10:20:17 A. M. co.edu.uniquindio.alquilafacil.model.AlquilaFacil registrarCliente
INFO: Se ha registrado un cliente con la cedula 257
sep. 30, 2023 10:23:39 A. M. co.edu.uniquindio.alquilafacil.model.AlquilaFacil getInstance
INFO: Se crea una nueva instancia de AlquilaFacil
sep. 30, 2023 10:23:41 A. M. co.edu.uniquindio.alquilafacil.model.AlquilaFacil getInstance
INFO: Se crea una nueva instancia de AlquilaFacil
sep. 30, 2023 10:23:48 A. M. co.edu.uniquindio.alquilafacil.model.AlquilaFacil registrarCliente
INFO: Se ha registrado un cliente con la cedula asd
sep. 30, 2023 10:23:51 A. M. co.edu.uniquindio.alquilafacil.model.AlquilaFacil getInstance
INFO: Se crea una nueva instancia de AlquilaFacil
sep. 30, 2023 10:24:34 A. M. co.edu.uniquindio.alquilafacil.model.AlquilaFacil getInstance
INFO: Se crea una nueva instancia de AlquilaFacil
sep. 30, 2023 10:24:35 A. M. co.edu.uniquindio.alquilafacil.model.AlquilaFacil getInstance
INFO: Se crea una nueva instancia de AlquilaFacil
sep. 30, 2023 10:24:39 A. M. co.edu.uniquindio.alquilafacil.model.AlquilaFacil registrarCliente
INFO: Se ha registrado un cliente con la cedula hyr
sep. 30, 2023 10:24:49 A. M. co.edu.uniquindio.alquilafacil.model.AlquilaFacil registrarCliente
INFO: Se ha hecho un intento de registro de cliente con datos repetidos.
sep. 30, 2023 10:25:08 A. M. co.edu.uniquindio.alquilafacil.model.AlquilaFacil registrarCliente
INFO: Se ha registrado un cliente con la cedula ybter
sep. 30, 2023 10:25:16 A. M. co.edu.uniquindio.alquilafacil.model.AlquilaFacil getInstance
INFO: Se crea una nueva instancia de AlquilaFacil
sep. 30, 2023 10:26:27 A. M. co.edu.uniquindio.alquilafacil.model.AlquilaFacil getInstance
INFO: Se crea una nueva instancia de AlquilaFacil
sep. 30, 2023 10:27:26 A. M. co.edu.uniquindio.alquilafacil.model.AlquilaFacil getInstance
INFO: Se crea una nueva instancia de AlquilaFacil
sep. 30, 2023 10:27:27 A. M. co.edu.uniquindio.alquilafacil.model.AlquilaFacil getInstance
INFO: Se crea una nueva instancia de AlquilaFacil
sep. 30, 2023 10:27:38 A. M. co.edu.uniquindio.alquilafacil.model.AlquilaFacil registrarVehiculo
INFO: Se ha registrado un vehiculo con placa fewa
sep. 30, 2023 10:28:06 A. M. co.edu.uniquindio.alquilafacil.model.AlquilaFacil getInstance
INFO: Se crea una nueva instancia de AlquilaFacil
sep. 30, 2023 10:28:07 A. M. co.edu.uniquindio.alquilafacil.model.AlquilaFacil getInstance
INFO: Se crea una nueva instancia de AlquilaFacil
sep. 30, 2023 10:28:25 A. M. co.edu.uniquindio.alquilafacil.model.AlquilaFacil registrarVehiculo
INFO: Se ha registrado un vehiculo con placa zxc
sep. 30, 2023 10:28:34 A. M. co.edu.uniquindio.alquilafacil.model.AlquilaFacil registrarVehiculo
INFO: Se ha registrado un vehiculo con placa rth
sep. 30, 2023 10:28:36 A. M. co.edu.uniquindio.alquilafacil.model.AlquilaFacil getInstance
INFO: Se crea una nueva instancia de AlquilaFacil
sep. 30, 2023 10:31:23 A. M. co.edu.uniquindio.alquilafacil.model.AlquilaFacil getInstance
INFO: Se crea una nueva instancia de AlquilaFacil
sep. 30, 2023 10:31:24 A. M. co.edu.uniquindio.alquilafacil.model.AlquilaFacil getInstance
INFO: Se crea una nueva instancia de AlquilaFacil
sep. 30, 2023 10:31:31 A. M. co.edu.uniquindio.alquilafacil.model.AlquilaFacil registrarVehiculo
INFO: Se ha registrado un vehiculo con placa rwe
sep. 30, 2023 10:31:40 A. M. co.edu.uniquindio.alquilafacil.model.AlquilaFacil registrarVehiculo
INFO: Se ha registrado un vehiculo con placa iuy
sep. 30, 2023 10:31:41 A. M. co.edu.uniquindio.alquilafacil.model.AlquilaFacil getInstance
INFO: Se crea una nueva instancia de AlquilaFacil
sep. 30, 2023 10:31:43 A. M. co.edu.uniquindio.alquilafacil.model.AlquilaFacil getInstance
INFO: Se crea una nueva instancia de AlquilaFacil
sep. 30, 2023 10:31:57 A. M. co.edu.uniquindio.alquilafacil.model.AlquilaFacil getInstance
INFO: Se crea una nueva instancia de AlquilaFacil
sep. 30, 2023 10:34:06 A. M. co.edu.uniquindio.alquilafacil.model.AlquilaFacil getInstance
INFO: Se crea una nueva instancia de AlquilaFacil
sep. 30, 2023 10:34:52 A. M. co.edu.uniquindio.alquilafacil.model.AlquilaFacil getInstance
INFO: Se crea una nueva instancia de AlquilaFacil
sep. 30, 2023 10:34:54 A. M. co.edu.uniquindio.alquilafacil.model.AlquilaFacil getInstance
INFO: Se crea una nueva instancia de AlquilaFacil
sep. 30, 2023 10:34:56 A. M. co.edu.uniquindio.alquilafacil.model.AlquilaFacil getInstance
INFO: Se crea una nueva instancia de AlquilaFacil
sep. 30, 2023 10:34:57 A. M. co.edu.uniquindio.alquilafacil.model.AlquilaFacil getInstance
INFO: Se crea una nueva instancia de AlquilaFacil
sep. 30, 2023 10:34:58 A. M. co.edu.uniquindio.alquilafacil.model.AlquilaFacil getInstance
INFO: Se crea una nueva instancia de AlquilaFacil
sep. 30, 2023 10:34:58 A. M. co.edu.uniquindio.alquilafacil.model.AlquilaFacil getInstance
INFO: Se crea una nueva instancia de AlquilaFacil
sep. 30, 2023 10:35:01 A. M. co.edu.uniquindio.alquilafacil.model.AlquilaFacil getInstance
INFO: Se crea una nueva instancia de AlquilaFacil
sep. 30, 2023 10:36:08 A. M. co.edu.uniquindio.alquilafacil.model.AlquilaFacil getInstance
INFO: Se crea una nueva instancia de AlquilaFacil
sep. 30, 2023 10:37:07 A. M. co.edu.uniquindio.alquilafacil.model.AlquilaFacil getInstance
INFO: Se crea una nueva instancia de AlquilaFacil
sep. 30, 2023 10:39:59 A. M. co.edu.uniquindio.alquilafacil.model.AlquilaFacil getInstance
INFO: Se crea una nueva instancia de AlquilaFacil
sep. 30, 2023 10:40:01 A. M. co.edu.uniquindio.alquilafacil.model.AlquilaFacil getInstance
INFO: Se crea una nueva instancia de AlquilaFacil
sep. 30, 2023 10:40:08 A. M. co.edu.uniquindio.alquilafacil.model.AlquilaFacil registrarVehiculo
INFO: Se ha registrado un vehiculo con placa rew
sep. 30, 2023 10:40:09 A. M. co.edu.uniquindio.alquilafacil.model.AlquilaFacil getInstance
INFO: Se crea una nueva instancia de AlquilaFacil
sep. 30, 2023 10:40:11 A. M. co.edu.uniquindio.alquilafacil.model.AlquilaFacil getInstance
INFO: Se crea una nueva instancia de AlquilaFacil
sep. 30, 2023 10:40:17 A. M. co.edu.uniquindio.alquilafacil.model.AlquilaFacil getInstance
INFO: Se crea una nueva instancia de AlquilaFacil
sep. 30, 2023 10:40:46 A. M. co.edu.uniquindio.alquilafacil.model.AlquilaFacil getInstance
INFO: Se crea una nueva instancia de AlquilaFacil
sep. 30, 2023 10:40:48 A. M. co.edu.uniquindio.alquilafacil.model.AlquilaFacil getInstance
INFO: Se crea una nueva instancia de AlquilaFacil
sep. 30, 2023 10:41:01 A. M. co.edu.uniquindio.alquilafacil.model.AlquilaFacil getInstance
INFO: Se crea una nueva instancia de AlquilaFacil
sep. 30, 2023 10:41:04 A. M. co.edu.uniquindio.alquilafacil.model.AlquilaFacil getInstance
INFO: Se crea una nueva instancia de AlquilaFacil
sep. 30, 2023 10:41:06 A. M. co.edu.uniquindio.alquilafacil.model.AlquilaFacil getInstance
INFO: Se crea una nueva instancia de AlquilaFacil
sep. 30, 2023 10:45:42 A. M. co.edu.uniquindio.alquilafacil.model.AlquilaFacil getInstance
INFO: Se crea una nueva instancia de AlquilaFacil
sep. 30, 2023 10:45:44 A. M. co.edu.uniquindio.alquilafacil.model.AlquilaFacil getInstance
INFO: Se crea una nueva instancia de AlquilaFacil
sep. 30, 2023 10:45:48 A. M. co.edu.uniquindio.alquilafacil.model.AlquilaFacil getInstance
INFO: Se crea una nueva instancia de AlquilaFacil
sep. 30, 2023 10:45:48 A. M. co.edu.uniquindio.alquilafacil.model.AlquilaFacil getInstance
INFO: Se crea una nueva instancia de AlquilaFacil
sep. 30, 2023 10:45:50 A. M. co.edu.uniquindio.alquilafacil.model.AlquilaFacil getInstance
INFO: Se crea una nueva instancia de AlquilaFacil
sep. 30, 2023 10:45:51 A. M. co.edu.uniquindio.alquilafacil.model.AlquilaFacil getInstance
INFO: Se crea una nueva instancia de AlquilaFacil
sep. 30, 2023 10:46:26 A. M. co.edu.uniquindio.alquilafacil.model.AlquilaFacil getInstance
INFO: Se crea una nueva instancia de AlquilaFacil
sep. 30, 2023 10:46:29 A. M. co.edu.uniquindio.alquilafacil.model.AlquilaFacil getInstance
INFO: Se crea una nueva instancia de AlquilaFacil
sep. 30, 2023 10:46:41 A. M. co.edu.uniquindio.alquilafacil.model.AlquilaFacil getInstance
INFO: Se crea una nueva instancia de AlquilaFacil
sep. 30, 2023 10:47:30 A. M. co.edu.uniquindio.alquilafacil.model.AlquilaFacil getInstance
INFO: Se crea una nueva instancia de AlquilaFacil
sep. 30, 2023 10:47:32 A. M. co.edu.uniquindio.alquilafacil.model.AlquilaFacil getInstance
INFO: Se crea una nueva instancia de AlquilaFacil
sep. 30, 2023 10:47:34 A. M. co.edu.uniquindio.alquilafacil.model.AlquilaFacil getInstance
INFO: Se crea una nueva instancia de AlquilaFacil
sep. 30, 2023 10:48:13 A. M. co.edu.uniquindio.alquilafacil.model.AlquilaFacil getInstance
INFO: Se crea una nueva instancia de AlquilaFacil
sep. 30, 2023 10:48:15 A. M. co.edu.uniquindio.alquilafacil.model.AlquilaFacil getInstance
INFO: Se crea una nueva instancia de AlquilaFacil
sep. 30, 2023 10:48:19 A. M. co.edu.uniquindio.alquilafacil.model.AlquilaFacil getInstance
INFO: Se crea una nueva instancia de AlquilaFacil
sep. 30, 2023 10:52:55 A. M. co.edu.uniquindio.alquilafacil.model.AlquilaFacil getInstance
INFO: Se crea una nueva instancia de AlquilaFacil
sep. 30, 2023 10:52:59 A. M. co.edu.uniquindio.alquilafacil.model.AlquilaFacil getInstance
INFO: Se crea una nueva instancia de AlquilaFacil
sep. 30, 2023 10:53:04 A. M. co.edu.uniquindio.alquilafacil.model.AlquilaFacil getInstance
INFO: Se crea una nueva instancia de AlquilaFacil
sep. 30, 2023 11:09:52 A. M. co.edu.uniquindio.alquilafacil.model.AlquilaFacil getInstance
INFO: Se crea una nueva instancia de AlquilaFacil
sep. 30, 2023 11:09:53 A. M. co.edu.uniquindio.alquilafacil.model.AlquilaFacil getInstance
INFO: Se crea una nueva instancia de AlquilaFacil
sep. 30, 2023 11:09:59 A. M. co.edu.uniquindio.alquilafacil.model.AlquilaFacil registrarVehiculo
INFO: Se ha registrado un vehiculo con placa qwer
sep. 30, 2023 11:10:08 A. M. co.edu.uniquindio.alquilafacil.model.AlquilaFacil registrarVehiculo
INFO: Se ha registrado un vehiculo con placa gter
sep. 30, 2023 11:10:12 A. M. co.edu.uniquindio.alquilafacil.model.AlquilaFacil getInstance
INFO: Se crea una nueva instancia de AlquilaFacil
sep. 30, 2023 11:10:13 A. M. co.edu.uniquindio.alquilafacil.model.AlquilaFacil getInstance
INFO: Se crea una nueva instancia de AlquilaFacil
sep. 30, 2023 11:10:34 A. M. co.edu.uniquindio.alquilafacil.model.AlquilaFacil getInstance
INFO: Se crea una nueva instancia de AlquilaFacil
sep. 30, 2023 11:10:35 A. M. co.edu.uniquindio.alquilafacil.model.AlquilaFacil getInstance
INFO: Se crea una nueva instancia de AlquilaFacil
sep. 30, 2023 11:10:43 A. M. co.edu.uniquindio.alquilafacil.model.AlquilaFacil registrarCliente
INFO: Se ha registrado un cliente con la cedula 123
sep. 30, 2023 11:10:45 A. M. co.edu.uniquindio.alquilafacil.model.AlquilaFacil getInstance
INFO: Se crea una nueva instancia de AlquilaFacil
sep. 30, 2023 11:10:46 A. M. co.edu.uniquindio.alquilafacil.model.AlquilaFacil getInstance
INFO: Se crea una nueva instancia de AlquilaFacil
sep. 30, 2023 11:11:12 A. M. co.edu.uniquindio.alquilafacil.model.AlquilaFacil registrarAlquiler
INFO: Se ha registrado un alquier del vehiculo con la placa Placa a el cliente con la cedula 123
sep. 30, 2023 11:11:22 A. M. co.edu.uniquindio.alquilafacil.model.AlquilaFacil getInstance
INFO: Se crea una nueva instancia de AlquilaFacil
sep. 30, 2023 11:13:26 A. M. co.edu.uniquindio.alquilafacil.model.AlquilaFacil getInstance
INFO: Se crea una nueva instancia de AlquilaFacil
sep. 30, 2023 11:13:27 A. M. co.edu.uniquindio.alquilafacil.model.AlquilaFacil getInstance
INFO: Se crea una nueva instancia de AlquilaFacil
sep. 30, 2023 11:13:33 A. M. co.edu.uniquindio.alquilafacil.model.AlquilaFacil registrarCliente
INFO: Se ha registrado un cliente con la cedula 123
sep. 30, 2023 11:13:35 A. M. co.edu.uniquindio.alquilafacil.model.AlquilaFacil getInstance
INFO: Se crea una nueva instancia de AlquilaFacil
sep. 30, 2023 11:13:35 A. M. co.edu.uniquindio.alquilafacil.model.AlquilaFacil getInstance
INFO: Se crea una nueva instancia de AlquilaFacil
sep. 30, 2023 11:13:51 A. M. co.edu.uniquindio.alquilafacil.model.AlquilaFacil registrarVehiculo
INFO: Se ha registrado un vehiculo con placa fdsa
sep. 30, 2023 11:13:53 A. M. co.edu.uniquindio.alquilafacil.model.AlquilaFacil getInstance
INFO: Se crea una nueva instancia de AlquilaFacil
sep. 30, 2023 11:13:53 A. M. co.edu.uniquindio.alquilafacil.model.AlquilaFacil getInstance
INFO: Se crea una nueva instancia de AlquilaFacil
sep. 30, 2023 11:14:13 A. M. co.edu.uniquindio.alquilafacil.model.AlquilaFacil registrarAlquiler
INFO: Se ha registrado un alquier del vehiculo con la placa ObjectProperty [value: fdsa] a el cliente con la cedula 123
sep. 30, 2023 11:14:24 A. M. co.edu.uniquindio.alquilafacil.model.AlquilaFacil getInstance
INFO: Se crea una nueva instancia de AlquilaFacil
sep. 30, 2023 11:15:43 A. M. co.edu.uniquindio.alquilafacil.model.AlquilaFacil getInstance
INFO: Se crea una nueva instancia de AlquilaFacil
sep. 30, 2023 11:16:03 A. M. co.edu.uniquindio.alquilafacil.model.AlquilaFacil getInstance
INFO: Se crea una nueva instancia de AlquilaFacil
sep. 30, 2023 11:16:05 A. M. co.edu.uniquindio.alquilafacil.model.AlquilaFacil getInstance
INFO: Se crea una nueva instancia de AlquilaFacil
sep. 30, 2023 11:16:11 A. M. co.edu.uniquindio.alquilafacil.model.AlquilaFacil registrarCliente
INFO: Se ha registrado un cliente con la cedula 123
sep. 30, 2023 11:16:12 A. M. co.edu.uniquindio.alquilafacil.model.AlquilaFacil getInstance
INFO: Se crea una nueva instancia de AlquilaFacil
sep. 30, 2023 11:16:13 A. M. co.edu.uniquindio.alquilafacil.model.AlquilaFacil getInstance
INFO: Se crea una nueva instancia de AlquilaFacil
sep. 30, 2023 11:16:24 A. M. co.edu.uniquindio.alquilafacil.model.AlquilaFacil registrarVehiculo
INFO: Se ha registrado un vehiculo con placa OP
sep. 30, 2023 11:16:25 A. M. co.edu.uniquindio.alquilafacil.model.AlquilaFacil getInstance
INFO: Se crea una nueva instancia de AlquilaFacil
sep. 30, 2023 11:16:26 A. M. co.edu.uniquindio.alquilafacil.model.AlquilaFacil getInstance
INFO: Se crea una nueva instancia de AlquilaFacil
sep. 30, 2023 11:16:39 A. M. co.edu.uniquindio.alquilafacil.model.AlquilaFacil registrarAlquiler
INFO: Se ha registrado un alquier del vehiculo con la placa ObjectProperty [value: OP] a el cliente con la cedula 123
sep. 30, 2023 11:16:43 A. M. co.edu.uniquindio.alquilafacil.model.AlquilaFacil getInstance
INFO: Se crea una nueva instancia de AlquilaFacil
sep. 30, 2023 11:16:50 A. M. co.edu.uniquindio.alquilafacil.model.AlquilaFacil getInstance
INFO: Se crea una nueva instancia de AlquilaFacil
sep. 30, 2023 11:17:00 A. M. co.edu.uniquindio.alquilafacil.model.AlquilaFacil registrarVehiculo
INFO: Se ha registrado un vehiculo con placa UIOP
sep. 30, 2023 11:17:02 A. M. co.edu.uniquindio.alquilafacil.model.AlquilaFacil getInstance
INFO: Se crea una nueva instancia de AlquilaFacil
sep. 30, 2023 11:17:02 A. M. co.edu.uniquindio.alquilafacil.model.AlquilaFacil getInstance
INFO: Se crea una nueva instancia de AlquilaFacil
sep. 30, 2023 11:17:13 A. M. co.edu.uniquindio.alquilafacil.model.AlquilaFacil registrarAlquiler
INFO: Se ha registrado un alquier del vehiculo con la placa ObjectProperty [value: UIOP] a el cliente con la cedula 123
sep. 30, 2023 11:17:22 A. M. co.edu.uniquindio.alquilafacil.model.AlquilaFacil registrarAlquiler
INFO: Se ha registrado un alquier del vehiculo con la placa ObjectProperty [value: UIOP] a el cliente con la cedula 789
sep. 30, 2023 11:17:25 A. M. co.edu.uniquindio.alquilafacil.model.AlquilaFacil getInstance
INFO: Se crea una nueva instancia de AlquilaFacil
sep. 30, 2023 11:19:43 A. M. co.edu.uniquindio.alquilafacil.model.AlquilaFacil getInstance
INFO: Se crea una nueva instancia de AlquilaFacil
sep. 30, 2023 11:19:45 A. M. co.edu.uniquindio.alquilafacil.model.AlquilaFacil getInstance
INFO: Se crea una nueva instancia de AlquilaFacil
sep. 30, 2023 11:19:51 A. M. co.edu.uniquindio.alquilafacil.model.AlquilaFacil getInstance
INFO: Se crea una nueva instancia de AlquilaFacil
sep. 30, 2023 11:19:51 A. M. co.edu.uniquindio.alquilafacil.model.AlquilaFacil getInstance
INFO: Se crea una nueva instancia de AlquilaFacil
sep. 30, 2023 11:20:01 A. M. co.edu.uniquindio.alquilafacil.model.AlquilaFacil registrarVehiculo
INFO: Se ha registrado un vehiculo con placa LOK
sep. 30, 2023 11:20:03 A. M. co.edu.uniquindio.alquilafacil.model.AlquilaFacil getInstance
INFO: Se crea una nueva instancia de AlquilaFacil
sep. 30, 2023 11:20:03 A. M. co.edu.uniquindio.alquilafacil.model.AlquilaFacil getInstance
INFO: Se crea una nueva instancia de AlquilaFacil
sep. 30, 2023 11:20:36 A. M. co.edu.uniquindio.alquilafacil.model.AlquilaFacil registrarAlquiler
WARNING: El cliente que ha ingresado no existe en la base de datos.
sep. 30, 2023 11:20:41 A. M. co.edu.uniquindio.alquilafacil.model.AlquilaFacil registrarAlquiler
WARNING: El cliente que ha ingresado no existe en la base de datos.
sep. 30, 2023 11:20:46 A. M. co.edu.uniquindio.alquilafacil.model.AlquilaFacil getInstance
INFO: Se crea una nueva instancia de AlquilaFacil
sep. 30, 2023 11:22:29 A. M. co.edu.uniquindio.alquilafacil.model.AlquilaFacil getInstance
INFO: Se crea una nueva instancia de AlquilaFacil
sep. 30, 2023 11:22:30 A. M. co.edu.uniquindio.alquilafacil.model.AlquilaFacil getInstance
INFO: Se crea una nueva instancia de AlquilaFacil
sep. 30, 2023 11:22:39 A. M. co.edu.uniquindio.alquilafacil.model.AlquilaFacil registrarVehiculo
INFO: Se ha registrado un vehiculo con placa ewq
sep. 30, 2023 11:22:41 A. M. co.edu.uniquindio.alquilafacil.model.AlquilaFacil getInstance
INFO: Se crea una nueva instancia de AlquilaFacil
sep. 30, 2023 11:22:42 A. M. co.edu.uniquindio.alquilafacil.model.AlquilaFacil getInstance
INFO: Se crea una nueva instancia de AlquilaFacil
sep. 30, 2023 11:22:53 A. M. co.edu.uniquindio.alquilafacil.model.AlquilaFacil registrarAlquiler
WARNING: El cliente que ha ingresado no existe en la base de datos.
sep. 30, 2023 11:23:01 A. M. co.edu.uniquindio.alquilafacil.model.AlquilaFacil getInstance
INFO: Se crea una nueva instancia de AlquilaFacil
sep. 30, 2023 11:23:53 A. M. co.edu.uniquindio.alquilafacil.model.AlquilaFacil getInstance
INFO: Se crea una nueva instancia de AlquilaFacil
sep. 30, 2023 11:23:55 A. M. co.edu.uniquindio.alquilafacil.model.AlquilaFacil getInstance
INFO: Se crea una nueva instancia de AlquilaFacil
sep. 30, 2023 11:24:06 A. M. co.edu.uniquindio.alquilafacil.model.AlquilaFacil registrarVehiculo
INFO: Se ha registrado un vehiculo con placa IOP
sep. 30, 2023 11:24:08 A. M. co.edu.uniquindio.alquilafacil.model.AlquilaFacil getInstance
INFO: Se crea una nueva instancia de AlquilaFacil
sep. 30, 2023 11:24:08 A. M. co.edu.uniquindio.alquilafacil.model.AlquilaFacil getInstance
INFO: Se crea una nueva instancia de AlquilaFacil
sep. 30, 2023 11:24:31 A. M. co.edu.uniquindio.alquilafacil.model.AlquilaFacil registrarAlquiler
WARNING: El cliente que ha ingresado no existe en la base de datos.
sep. 30, 2023 11:24:37 A. M. co.edu.uniquindio.alquilafacil.model.AlquilaFacil getInstance
INFO: Se crea una nueva instancia de AlquilaFacil
sep. 30, 2023 11:27:33 A. M. co.edu.uniquindio.alquilafacil.model.AlquilaFacil getInstance
INFO: Se crea una nueva instancia de AlquilaFacil
sep. 30, 2023 11:27:35 A. M. co.edu.uniquindio.alquilafacil.model.AlquilaFacil getInstance
INFO: Se crea una nueva instancia de AlquilaFacil
sep. 30, 2023 11:27:38 A. M. co.edu.uniquindio.alquilafacil.model.AlquilaFacil getInstance
INFO: Se crea una nueva instancia de AlquilaFacil
sep. 30, 2023 11:27:38 A. M. co.edu.uniquindio.alquilafacil.model.AlquilaFacil getInstance
INFO: Se crea una nueva instancia de AlquilaFacil
sep. 30, 2023 11:27:44 A. M. co.edu.uniquindio.alquilafacil.model.AlquilaFacil registrarVehiculo
INFO: Se ha registrado un vehiculo con placa dsa
sep. 30, 2023 11:27:45 A. M. co.edu.uniquindio.alquilafacil.model.AlquilaFacil getInstance
INFO: Se crea una nueva instancia de AlquilaFacil
sep. 30, 2023 11:27:46 A. M. co.edu.uniquindio.alquilafacil.model.AlquilaFacil getInstance
INFO: Se crea una nueva instancia de AlquilaFacil
sep. 30, 2023 11:27:58 A. M. co.edu.uniquindio.alquilafacil.model.AlquilaFacil registrarAlquiler
WARNING: El cliente que ha ingresado no existe en la base de datos.
sep. 30, 2023 11:28:09 A. M. co.edu.uniquindio.alquilafacil.model.AlquilaFacil getInstance
INFO: Se crea una nueva instancia de AlquilaFacil
sep. 30, 2023 11:32:14 A. M. co.edu.uniquindio.alquilafacil.model.AlquilaFacil getInstance
INFO: Se crea una nueva instancia de AlquilaFacil
sep. 30, 2023 11:32:15 A. M. co.edu.uniquindio.alquilafacil.model.AlquilaFacil getInstance
INFO: Se crea una nueva instancia de AlquilaFacil
sep. 30, 2023 11:32:20 A. M. co.edu.uniquindio.alquilafacil.model.AlquilaFacil registrarCliente
INFO: Se ha hecho un intento de registro de cliente con campos vacios.
sep. 30, 2023 11:32:32 A. M. co.edu.uniquindio.alquilafacil.model.AlquilaFacil registrarCliente
INFO: Se ha registrado un cliente con la cedula ewq
sep. 30, 2023 11:32:34 A. M. co.edu.uniquindio.alquilafacil.model.AlquilaFacil registrarCliente
INFO: Se ha hecho un intento de registro de cliente con datos repetidos.
sep. 30, 2023 11:32:50 A. M. co.edu.uniquindio.alquilafacil.model.AlquilaFacil getInstance
INFO: Se crea una nueva instancia de AlquilaFacil
sep. 30, 2023 11:34:00 A. M. co.edu.uniquindio.alquilafacil.model.AlquilaFacil getInstance
INFO: Se crea una nueva instancia de AlquilaFacil
sep. 30, 2023 11:34:01 A. M. co.edu.uniquindio.alquilafacil.model.AlquilaFacil getInstance
INFO: Se crea una nueva instancia de AlquilaFacil
sep. 30, 2023 11:34:08 A. M. co.edu.uniquindio.alquilafacil.model.AlquilaFacil getInstance
INFO: Se crea una nueva instancia de AlquilaFacil
sep. 30, 2023 11:34:09 A. M. co.edu.uniquindio.alquilafacil.model.AlquilaFacil getInstance
INFO: Se crea una nueva instancia de AlquilaFacil
sep. 30, 2023 11:34:18 A. M. co.edu.uniquindio.alquilafacil.model.AlquilaFacil registrarVehiculo
INFO: Se ha registrado un vehiculo con placa POI
sep. 30, 2023 11:34:19 A. M. co.edu.uniquindio.alquilafacil.model.AlquilaFacil getInstance
INFO: Se crea una nueva instancia de AlquilaFacil
sep. 30, 2023 11:34:20 A. M. co.edu.uniquindio.alquilafacil.model.AlquilaFacil getInstance
INFO: Se crea una nueva instancia de AlquilaFacil
sep. 30, 2023 11:34:27 A. M. co.edu.uniquindio.alquilafacil.model.AlquilaFacil registrarAlquiler
INFO: Se ha hecho un intento de registro de cliente con campos vacios.
sep. 30, 2023 11:34:31 A. M. co.edu.uniquindio.alquilafacil.model.AlquilaFacil registrarAlquiler
WARNING: El cliente que ha ingresado no existe en la base de datos.
sep. 30, 2023 11:34:38 A. M. co.edu.uniquindio.alquilafacil.model.AlquilaFacil getInstance
INFO: Se crea una nueva instancia de AlquilaFacil
sep. 30, 2023 11:36:11 A. M. co.edu.uniquindio.alquilafacil.model.AlquilaFacil getInstance
INFO: Se crea una nueva instancia de AlquilaFacil
sep. 30, 2023 11:36:13 A. M. co.edu.uniquindio.alquilafacil.model.AlquilaFacil getInstance
INFO: Se crea una nueva instancia de AlquilaFacil
sep. 30, 2023 11:36:16 A. M. co.edu.uniquindio.alquilafacil.model.AlquilaFacil getInstance
INFO: Se crea una nueva instancia de AlquilaFacil
sep. 30, 2023 11:36:16 A. M. co.edu.uniquindio.alquilafacil.model.AlquilaFacil getInstance
INFO: Se crea una nueva instancia de AlquilaFacil
sep. 30, 2023 11:36:19 A. M. co.edu.uniquindio.alquilafacil.model.AlquilaFacil getInstance
INFO: Se crea una nueva instancia de AlquilaFacil
sep. 30, 2023 11:36:20 A. M. co.edu.uniquindio.alquilafacil.model.AlquilaFacil getInstance
INFO: Se crea una nueva instancia de AlquilaFacil
sep. 30, 2023 11:36:25 A. M. co.edu.uniquindio.alquilafacil.model.AlquilaFacil getInstance
INFO: Se crea una nueva instancia de AlquilaFacil
sep. 30, 2023 11:45:19 A. M. co.edu.uniquindio.alquilafacil.model.AlquilaFacil getInstance
INFO: Se crea una nueva instancia de AlquilaFacil
sep. 30, 2023 11:45:21 A. M. co.edu.uniquindio.alquilafacil.model.AlquilaFacil getInstance
INFO: Se crea una nueva instancia de AlquilaFacil
sep. 30, 2023 11:45:28 A. M. co.edu.uniquindio.alquilafacil.model.AlquilaFacil getInstance
INFO: Se crea una nueva instancia de AlquilaFacil
sep. 30, 2023 11:45:29 A. M. co.edu.uniquindio.alquilafacil.model.AlquilaFacil getInstance
INFO: Se crea una nueva instancia de AlquilaFacil
sep. 30, 2023 11:45:31 A. M. co.edu.uniquindio.alquilafacil.model.AlquilaFacil getInstance
INFO: Se crea una nueva instancia de AlquilaFacil
sep. 30, 2023 11:45:32 A. M. co.edu.uniquindio.alquilafacil.model.AlquilaFacil getInstance
INFO: Se crea una nueva instancia de AlquilaFacil
sep. 30, 2023 11:45:36 A. M. co.edu.uniquindio.alquilafacil.model.AlquilaFacil getInstance
INFO: Se crea una nueva instancia de AlquilaFacil
sep. 30, 2023 11:49:06 A. M. co.edu.uniquindio.alquilafacil.model.AlquilaFacil getInstance
INFO: Se crea una nueva instancia de AlquilaFacil
sep. 30, 2023 11:49:08 A. M. co.edu.uniquindio.alquilafacil.model.AlquilaFacil getInstance
INFO: Se crea una nueva instancia de AlquilaFacil
sep. 30, 2023 11:49:25 A. M. co.edu.uniquindio.alquilafacil.model.AlquilaFacil registrarCliente
INFO: Se ha registrado un cliente con la cedula 1094882679
sep. 30, 2023 11:49:28 A. M. co.edu.uniquindio.alquilafacil.model.AlquilaFacil getInstance
INFO: Se crea una nueva instancia de AlquilaFacil
sep. 30, 2023 11:49:29 A. M. co.edu.uniquindio.alquilafacil.model.AlquilaFacil getInstance
INFO: Se crea una nueva instancia de AlquilaFacil
sep. 30, 2023 11:49:33 A. M. co.edu.uniquindio.alquilafacil.model.AlquilaFacil registrarCliente
INFO: Se ha hecho un intento de registro de cliente con campos vacios.
sep. 30, 2023 11:50:10 A. M. co.edu.uniquindio.alquilafacil.model.AlquilaFacil registrarCliente
INFO: Se ha hecho un intento de registro de cliente con datos repetidos.
sep. 30, 2023 11:50:14 A. M. co.edu.uniquindio.alquilafacil.model.AlquilaFacil getInstance
INFO: Se crea una nueva instancia de AlquilaFacil
sep. 30, 2023 11:50:15 A. M. co.edu.uniquindio.alquilafacil.model.AlquilaFacil getInstance
INFO: Se crea una nueva instancia de AlquilaFacil
sep. 30, 2023 11:50:50 A. M. co.edu.uniquindio.alquilafacil.model.AlquilaFacil registrarVehiculo
INFO: Se ha registrado un vehiculo con placa POH-45D
sep. 30, 2023 11:51:26 A. M. co.edu.uniquindio.alquilafacil.model.AlquilaFacil registrarVehiculo
INFO: Se ha registrado un vehiculo con placa LIJ-987
sep. 30, 2023 11:51:27 A. M. co.edu.uniquindio.alquilafacil.model.AlquilaFacil getInstance
INFO: Se crea una nueva instancia de AlquilaFacil
sep. 30, 2023 11:51:28 A. M. co.edu.uniquindio.alquilafacil.model.AlquilaFacil getInstance
INFO: Se crea una nueva instancia de AlquilaFacil
sep. 30, 2023 11:52:39 A. M. co.edu.uniquindio.alquilafacil.model.AlquilaFacil getInstance
INFO: Se crea una nueva instancia de AlquilaFacil
sep. 30, 2023 11:53:15 A. M. co.edu.uniquindio.alquilafacil.model.AlquilaFacil getInstance
INFO: Se crea una nueva instancia de AlquilaFacil
sep. 30, 2023 11:53:17 A. M. co.edu.uniquindio.alquilafacil.model.AlquilaFacil getInstance
INFO: Se crea una nueva instancia de AlquilaFacil
sep. 30, 2023 11:53:18 A. M. co.edu.uniquindio.alquilafacil.model.AlquilaFacil getInstance
INFO: Se crea una nueva instancia de AlquilaFacil
sep. 30, 2023 11:53:19 A. M. co.edu.uniquindio.alquilafacil.model.AlquilaFacil getInstance
INFO: Se crea una nueva instancia de AlquilaFacil
sep. 30, 2023 11:53:34 A. M. co.edu.uniquindio.alquilafacil.model.AlquilaFacil getInstance
INFO: Se crea una nueva instancia de AlquilaFacil
sep. 30, 2023 11:53:48 A. M. co.edu.uniquindio.alquilafacil.model.AlquilaFacil getInstance
INFO: Se crea una nueva instancia de AlquilaFacil
sep. 30, 2023 11:53:50 A. M. co.edu.uniquindio.alquilafacil.model.AlquilaFacil getInstance
INFO: Se crea una nueva instancia de AlquilaFacil
sep. 30, 2023 11:54:00 A. M. co.edu.uniquindio.alquilafacil.model.AlquilaFacil getInstance
INFO: Se crea una nueva instancia de AlquilaFacil
sep. 30, 2023 11:54:40 A. M. co.edu.uniquindio.alquilafacil.model.AlquilaFacil getInstance
INFO: Se crea una nueva instancia de AlquilaFacil
sep. 30, 2023 11:54:42 A. M. co.edu.uniquindio.alquilafacil.model.AlquilaFacil getInstance
INFO: Se crea una nueva instancia de AlquilaFacil
sep. 30, 2023 12:07:59 P. M. co.edu.uniquindio.alquilafacil.model.AlquilaFacil getInstance
INFO: Se crea una nueva instancia de AlquilaFacil
sep. 30, 2023 12:08:00 P. M. co.edu.uniquindio.alquilafacil.model.AlquilaFacil getInstance
INFO: Se crea una nueva instancia de AlquilaFacil
sep. 30, 2023 12:08:04 P. M. co.edu.uniquindio.alquilafacil.model.AlquilaFacil registrarCliente
INFO: Se ha registrado un cliente con la cedula 123
sep. 30, 2023 12:08:04 P. M. co.edu.uniquindio.alquilafacil.model.AlquilaFacil getInstance
INFO: Se crea una nueva instancia de AlquilaFacil
sep. 30, 2023 12:09:06 P. M. co.edu.uniquindio.alquilafacil.model.AlquilaFacil getInstance
INFO: Se crea una nueva instancia de AlquilaFacil
sep. 30, 2023 12:09:07 P. M. co.edu.uniquindio.alquilafacil.model.AlquilaFacil getInstance
INFO: Se crea una nueva instancia de AlquilaFacil
sep. 30, 2023 12:09:12 P. M. co.edu.uniquindio.alquilafacil.model.AlquilaFacil registrarCliente
INFO: Se ha registrado un cliente con la cedula 123
sep. 30, 2023 12:09:12 P. M. co.edu.uniquindio.alquilafacil.model.AlquilaFacil getInstance
INFO: Se crea una nueva instancia de AlquilaFacil
sep. 30, 2023 12:10:38 P. M. co.edu.uniquindio.alquilafacil.model.AlquilaFacil getInstance
INFO: Se crea una nueva instancia de AlquilaFacil
sep. 30, 2023 12:10:40 P. M. co.edu.uniquindio.alquilafacil.model.AlquilaFacil getInstance
INFO: Se crea una nueva instancia de AlquilaFacil
sep. 30, 2023 12:10:43 P. M. co.edu.uniquindio.alquilafacil.model.AlquilaFacil registrarCliente
INFO: Se ha registrado un cliente con la cedula 123
sep. 30, 2023 12:10:43 P. M. co.edu.uniquindio.alquilafacil.model.AlquilaFacil getInstance
INFO: Se crea una nueva instancia de AlquilaFacil
sep. 30, 2023 12:12:53 P. M. co.edu.uniquindio.alquilafacil.model.AlquilaFacil getInstance
INFO: Se crea una nueva instancia de AlquilaFacil
sep. 30, 2023 12:12:54 P. M. co.edu.uniquindio.alquilafacil.model.AlquilaFacil getInstance
INFO: Se crea una nueva instancia de AlquilaFacil
sep. 30, 2023 12:12:59 P. M. co.edu.uniquindio.alquilafacil.model.AlquilaFacil registrarCliente
INFO: Se ha registrado un cliente con la cedula 123
sep. 30, 2023 12:12:59 P. M. co.edu.uniquindio.alquilafacil.model.AlquilaFacil getInstance
INFO: Se crea una nueva instancia de AlquilaFacil
sep. 30, 2023 12:14:33 P. M. co.edu.uniquindio.alquilafacil.model.AlquilaFacil getInstance
INFO: Se crea una nueva instancia de AlquilaFacil
sep. 30, 2023 12:14:35 P. M. co.edu.uniquindio.alquilafacil.model.AlquilaFacil getInstance
INFO: Se crea una nueva instancia de AlquilaFacil
sep. 30, 2023 12:14:43 P. M. co.edu.uniquindio.alquilafacil.model.AlquilaFacil registrarVehiculo
INFO: Se ha registrado un vehiculo con placa ewq
sep. 30, 2023 12:14:43 P. M. co.edu.uniquindio.alquilafacil.model.AlquilaFacil getInstance
INFO: Se crea una nueva instancia de AlquilaFacil
sep. 30, 2023 12:16:53 P. M. co.edu.uniquindio.alquilafacil.model.AlquilaFacil getInstance
INFO: Se crea una nueva instancia de AlquilaFacil
sep. 30, 2023 12:16:55 P. M. co.edu.uniquindio.alquilafacil.model.AlquilaFacil getInstance
INFO: Se crea una nueva instancia de AlquilaFacil
sep. 30, 2023 12:17:01 P. M. co.edu.uniquindio.alquilafacil.model.AlquilaFacil registrarVehiculo
INFO: Se ha registrado un vehiculo con placa eqw
sep. 30, 2023 12:17:01 P. M. co.edu.uniquindio.alquilafacil.model.AlquilaFacil getInstance
INFO: Se crea una nueva instancia de AlquilaFacil
sep. 30, 2023 12:17:05 P. M. co.edu.uniquindio.alquilafacil.model.AlquilaFacil getInstance
INFO: Se crea una nueva instancia de AlquilaFacil
sep. 30, 2023 12:17:09 P. M. co.edu.uniquindio.alquilafacil.model.AlquilaFacil getInstance
INFO: Se crea una nueva instancia de AlquilaFacil
sep. 30, 2023 12:17:10 P. M. co.edu.uniquindio.alquilafacil.model.AlquilaFacil getInstance
INFO: Se crea una nueva instancia de AlquilaFacil
sep. 30, 2023 12:17:13 P. M. co.edu.uniquindio.alquilafacil.model.AlquilaFacil registrarCliente
INFO: Se ha registrado un cliente con la cedula 123
sep. 30, 2023 12:17:13 P. M. co.edu.uniquindio.alquilafacil.model.AlquilaFacil getInstance
INFO: Se crea una nueva instancia de AlquilaFacil
sep. 30, 2023 12:17:14 P. M. co.edu.uniquindio.alquilafacil.model.AlquilaFacil getInstance
INFO: Se crea una nueva instancia de AlquilaFacil
sep. 30, 2023 12:17:29 P. M. co.edu.uniquindio.alquilafacil.model.AlquilaFacil registrarAlquiler
INFO: Se ha registrado un alquier del vehiculo con la placa ObjectProperty [value: eqw] a el cliente con la cedula 123
sep. 30, 2023 12:17:29 P. M. co.edu.uniquindio.alquilafacil.model.AlquilaFacil getInstance
INFO: Se crea una nueva instancia de AlquilaFacil
