sep. 29, 2023 7:49:10 A. M. co.edu.uniquindio.alquilafacil.model.AlquilaFacil <init>
INFO: Se crea una nueva instancia de AlquilaFacil
sep. 29, 2023 7:51:12 A. M. co.edu.uniquindio.alquilafacil.model.AlquilaFacil <init>
INFO: Se crea una nueva instancia de AlquilaFacil
sep. 29, 2023 7:51:30 A. M. co.edu.uniquindio.alquilafacil.model.AlquilaFacil <init>
INFO: Se crea una nueva instancia de AlquilaFacil
sep. 29, 2023 7:57:50 A. M. co.edu.uniquindio.alquilafacil.model.AlquilaFacil getInstance
INFO: Se crea una nueva instancia de AlquilaFacil
sep. 29, 2023 8:00:18 A. M. co.edu.uniquindio.alquilafacil.model.AlquilaFacil getInstance
INFO: Se crea una nueva instancia de AlquilaFacil
sep. 29, 2023 8:01:13 A. M. co.edu.uniquindio.alquilafacil.model.AlquilaFacil getInstance
INFO: Se crea una nueva instancia de AlquilaFacil
sep. 29, 2023 8:10:49 A. M. co.edu.uniquindio.alquilafacil.model.AlquilaFacil getInstance
INFO: Se crea una nueva instancia de AlquilaFacil
sep. 29, 2023 8:12:18 A. M. co.edu.uniquindio.alquilafacil.model.AlquilaFacil getInstance
INFO: Se crea una nueva instancia de AlquilaFacil
sep. 29, 2023 8:13:28 A. M. co.edu.uniquindio.alquilafacil.model.AlquilaFacil getInstance
INFO: Se crea una nueva instancia de AlquilaFacil
sep. 29, 2023 8:14:16 A. M. co.edu.uniquindio.alquilafacil.model.AlquilaFacil getInstance
INFO: Se crea una nueva instancia de AlquilaFacil
sep. 29, 2023 8:15:38 A. M. co.edu.uniquindio.alquilafacil.model.AlquilaFacil getInstance
INFO: Se crea una nueva instancia de AlquilaFacil
sep. 29, 2023 8:17:36 A. M. co.edu.uniquindio.alquilafacil.model.AlquilaFacil getInstance
INFO: Se crea una nueva instancia de AlquilaFacil
sep. 29, 2023 8:17:53 A. M. co.edu.uniquindio.alquilafacil.model.AlquilaFacil getInstance
INFO: Se crea una nueva instancia de AlquilaFacil
sep. 29, 2023 8:19:46 A. M. co.edu.uniquindio.alquilafacil.model.AlquilaFacil getInstance
INFO: Se crea una nueva instancia de AlquilaFacil
sep. 29, 2023 8:21:20 A. M. co.edu.uniquindio.alquilafacil.model.AlquilaFacil getInstance
INFO: Se crea una nueva instancia de AlquilaFacil
sep. 29, 2023 8:22:02 A. M. co.edu.uniquindio.alquilafacil.model.AlquilaFacil getInstance
INFO: Se crea una nueva instancia de AlquilaFacil
sep. 29, 2023 8:24:20 A. M. co.edu.uniquindio.alquilafacil.model.AlquilaFacil getInstance
INFO: Se crea una nueva instancia de AlquilaFacil
sep. 29, 2023 8:24:43 A. M. co.edu.uniquindio.alquilafacil.model.AlquilaFacil getInstance
INFO: Se crea una nueva instancia de AlquilaFacil
sep. 29, 2023 8:27:10 A. M. co.edu.uniquindio.alquilafacil.model.AlquilaFacil getInstance
INFO: Se crea una nueva instancia de AlquilaFacil
sep. 29, 2023 8:27:37 A. M. co.edu.uniquindio.alquilafacil.model.AlquilaFacil getInstance
INFO: Se crea una nueva instancia de AlquilaFacil
sep. 29, 2023 8:27:50 A. M. co.edu.uniquindio.alquilafacil.model.AlquilaFacil getInstance
INFO: Se crea una nueva instancia de AlquilaFacil
sep. 29, 2023 8:31:43 A. M. co.edu.uniquindio.alquilafacil.model.AlquilaFacil getInstance
INFO: Se crea una nueva instancia de AlquilaFacil
sep. 29, 2023 8:32:00 A. M. co.edu.uniquindio.alquilafacil.model.AlquilaFacil getInstance
INFO: Se crea una nueva instancia de AlquilaFacil
sep. 29, 2023 11:24:10 A. M. co.edu.uniquindio.alquilafacil.model.AlquilaFacil getInstance
INFO: Se crea una nueva instancia de AlquilaFacil
sep. 29, 2023 11:26:19 A. M. co.edu.uniquindio.alquilafacil.model.AlquilaFacil getInstance
INFO: Se crea una nueva instancia de AlquilaFacil
sep. 29, 2023 11:26:40 A. M. co.edu.uniquindio.alquilafacil.model.AlquilaFacil getInstance
INFO: Se crea una nueva instancia de AlquilaFacil
sep. 29, 2023 11:30:03 A. M. co.edu.uniquindio.alquilafacil.model.AlquilaFacil getInstance
INFO: Se crea una nueva instancia de AlquilaFacil
sep. 29, 2023 11:34:05 A. M. co.edu.uniquindio.alquilafacil.model.AlquilaFacil getInstance
INFO: Se crea una nueva instancia de AlquilaFacil
sep. 29, 2023 11:36:46 A. M. co.edu.uniquindio.alquilafacil.model.AlquilaFacil getInstance
INFO: Se crea una nueva instancia de AlquilaFacil
sep. 29, 2023 11:37:38 A. M. co.edu.uniquindio.alquilafacil.model.AlquilaFacil getInstance
INFO: Se crea una nueva instancia de AlquilaFacil
sep. 29, 2023 11:38:13 A. M. co.edu.uniquindio.alquilafacil.model.AlquilaFacil getInstance
INFO: Se crea una nueva instancia de AlquilaFacil
sep. 29, 2023 11:47:16 A. M. co.edu.uniquindio.alquilafacil.model.AlquilaFacil getInstance
INFO: Se crea una nueva instancia de AlquilaFacil
sep. 29, 2023 11:47:38 A. M. co.edu.uniquindio.alquilafacil.model.AlquilaFacil getInstance
INFO: Se crea una nueva instancia de AlquilaFacil
sep. 29, 2023 11:48:23 A. M. co.edu.uniquindio.alquilafacil.model.AlquilaFacil getInstance
INFO: Se crea una nueva instancia de AlquilaFacil
sep. 29, 2023 11:48:47 A. M. co.edu.uniquindio.alquilafacil.model.AlquilaFacil registrarCliente
INFO: Se ha hecho un intento de registro de cliente por campos vacios.
sep. 29, 2023 11:51:28 A. M. co.edu.uniquindio.alquilafacil.model.AlquilaFacil getInstance
INFO: Se crea una nueva instancia de AlquilaFacil
sep. 29, 2023 11:54:46 A. M. co.edu.uniquindio.alquilafacil.model.AlquilaFacil getInstance
INFO: Se crea una nueva instancia de AlquilaFacil
sep. 29, 2023 12:16:36 P. M. co.edu.uniquindio.alquilafacil.model.AlquilaFacil getInstance
INFO: Se crea una nueva instancia de AlquilaFacil
sep. 29, 2023 12:16:56 P. M. co.edu.uniquindio.alquilafacil.model.AlquilaFacil getInstance
INFO: Se crea una nueva instancia de AlquilaFacil
sep. 29, 2023 12:17:41 P. M. co.edu.uniquindio.alquilafacil.model.AlquilaFacil getInstance
INFO: Se crea una nueva instancia de AlquilaFacil
sep. 29, 2023 12:18:03 P. M. co.edu.uniquindio.alquilafacil.model.AlquilaFacil getInstance
INFO: Se crea una nueva instancia de AlquilaFacil
sep. 29, 2023 12:18:17 P. M. co.edu.uniquindio.alquilafacil.model.AlquilaFacil getInstance
INFO: Se crea una nueva instancia de AlquilaFacil
sep. 29, 2023 12:20:04 P. M. co.edu.uniquindio.alquilafacil.model.AlquilaFacil getInstance
INFO: Se crea una nueva instancia de AlquilaFacil
sep. 29, 2023 12:38:22 P. M. co.edu.uniquindio.alquilafacil.model.AlquilaFacil getInstance
INFO: Se crea una nueva instancia de AlquilaFacil
sep. 29, 2023 12:45:58 P. M. co.edu.uniquindio.alquilafacil.model.AlquilaFacil getInstance
INFO: Se crea una nueva instancia de AlquilaFacil
sep. 29, 2023 12:48:52 P. M. co.edu.uniquindio.alquilafacil.model.AlquilaFacil getInstance
INFO: Se crea una nueva instancia de AlquilaFacil
sep. 29, 2023 12:56:32 P. M. co.edu.uniquindio.alquilafacil.model.AlquilaFacil getInstance
INFO: Se crea una nueva instancia de AlquilaFacil
sep. 29, 2023 12:57:54 P. M. co.edu.uniquindio.alquilafacil.model.AlquilaFacil getInstance
INFO: Se crea una nueva instancia de AlquilaFacil
sep. 29, 2023 12:57:56 P. M. co.edu.uniquindio.alquilafacil.model.AlquilaFacil getInstance
INFO: Se crea una nueva instancia de AlquilaFacil
sep. 29, 2023 12:58:49 P. M. co.edu.uniquindio.alquilafacil.model.AlquilaFacil getInstance
INFO: Se crea una nueva instancia de AlquilaFacil
sep. 29, 2023 12:58:51 P. M. co.edu.uniquindio.alquilafacil.model.AlquilaFacil getInstance
INFO: Se crea una nueva instancia de AlquilaFacil
sep. 29, 2023 12:59:00 P. M. co.edu.uniquindio.alquilafacil.model.AlquilaFacil getInstance
INFO: Se crea una nueva instancia de AlquilaFacil
sep. 29, 2023 12:59:05 P. M. co.edu.uniquindio.alquilafacil.model.AlquilaFacil getInstance
INFO: Se crea una nueva instancia de AlquilaFacil
sep. 29, 2023 4:25:31 P. M. co.edu.uniquindio.alquilafacil.model.AlquilaFacil getInstance
INFO: Se crea una nueva instancia de AlquilaFacil
sep. 29, 2023 4:25:34 P. M. co.edu.uniquindio.alquilafacil.model.AlquilaFacil getInstance
INFO: Se crea una nueva instancia de AlquilaFacil
sep. 29, 2023 4:25:36 P. M. co.edu.uniquindio.alquilafacil.model.AlquilaFacil getInstance
INFO: Se crea una nueva instancia de AlquilaFacil
sep. 29, 2023 4:25:38 P. M. co.edu.uniquindio.alquilafacil.model.AlquilaFacil getInstance
INFO: Se crea una nueva instancia de AlquilaFacil
sep. 29, 2023 9:13:13 P. M. co.edu.uniquindio.alquilafacil.model.AlquilaFacil getInstance
INFO: Se crea una nueva instancia de AlquilaFacil
sep. 29, 2023 9:14:21 P. M. co.edu.uniquindio.alquilafacil.model.AlquilaFacil getInstance
INFO: Se crea una nueva instancia de AlquilaFacil
sep. 29, 2023 9:14:24 P. M. co.edu.uniquindio.alquilafacil.model.AlquilaFacil getInstance
INFO: Se crea una nueva instancia de AlquilaFacil
sep. 29, 2023 9:16:07 P. M. co.edu.uniquindio.alquilafacil.model.AlquilaFacil getInstance
INFO: Se crea una nueva instancia de AlquilaFacil
sep. 29, 2023 9:16:14 P. M. co.edu.uniquindio.alquilafacil.model.AlquilaFacil getInstance
INFO: Se crea una nueva instancia de AlquilaFacil
sep. 29, 2023 9:16:42 P. M. co.edu.uniquindio.alquilafacil.model.AlquilaFacil getInstance
INFO: Se crea una nueva instancia de AlquilaFacil
